生成启动时间为 2024/2/24 17:12:43。
     1>项目“E:\MyProjects\HoldingHands3.0\Client\Cmd\Cmd.vcxproj”在节点 4 上(Build 个目标)。
     1>ClCompile:
         D:\Program Files (x86)\Microsoft Visual Studio 12.0\VC\bin\x86_amd64\CL.exe /c /Zi /nologo /W3 /WX- /Od /D WIN32 /D _DEBUG /D _WINDOWS /D _USING_V110_SDK71_ /D _UNICODE /D UNICODE /Gm /EHsc /RTC1 /MDd /GS /fp:precise /Zc:wchar_t /Zc:forScope /Fo"x64\Debug\\" /Fd"x64\Debug\vc120.pdb" /Gd /TP /errorReport:prompt ..\..\common\dbg.cpp ..\..\common\IOCP.cpp ..\..\common\TCPSocket.cpp ..\..\common\utils.cpp ..\Common\Client.cpp ..\Common\EventHandler.cpp Cmd.cpp main.cpp
         main.cpp
         Cmd.cpp
     1>Cmd.cpp(61): warning C4244: “参数”: 从“__int64”转换到“DWORD”，可能丢失数据
     1>Cmd.cpp(81): warning C4244: “参数”: 从“__int64”转换到“int”，可能丢失数据
     1>Cmd.cpp(107): warning C4244: “参数”: 从“__int64”转换到“int”，可能丢失数据
     1>Cmd.cpp(121): warning C4244: “参数”: 从“__int64”转换到“DWORD”，可能丢失数据
         EventHandler.cpp
         Client.cpp
     1>..\Common\Client.cpp(174): warning C4244: “参数”: 从“__int64”转换到“UINT32”，可能丢失数据
     1>..\Common\Client.cpp(219): warning C4244: “参数”: 从“__int64”转换到“UINT32”，可能丢失数据
         utils.cpp
     1>..\..\common\utils.cpp(37): warning C4244: “=”: 从“TCHAR”转换到“char”，可能丢失数据
     1>..\..\common\utils.cpp(64): warning C4244: “初始化”: 从“const LONGLONG”转换到“double”，可能丢失数据
     1>..\..\common\utils.cpp(75): warning C4244: “初始化”: 从“double”转换到“UINT32”，可能丢失数据
     1>..\..\common\utils.cpp(80): warning C4244: “=”: 从“double”转换到“UINT32”，可能丢失数据
     1>..\..\common\utils.cpp(220): warning C4244: “return”: 从“UINT32”转换到“float”，可能丢失数据
         TCPSocket.cpp
     1>..\..\common\TCPSocket.cpp(55): warning C4146: 一元负运算符应用于无符号类型，结果仍为无符号类型
     1>..\..\common\TCPSocket.cpp(80): warning C4146: 一元负运算符应用于无符号类型，结果仍为无符号类型
     1>..\..\common\TCPSocket.cpp(134): warning C4309: “初始化”: 截断常量值
         IOCP.cpp
     1>..\..\common\IOCP.cpp(372): warning C4309: “=”: 截断常量值
     1>..\..\common\IOCP.cpp(441): warning C4309: “=”: 截断常量值
         dbg.cpp
     1>..\..\common\dbg.cpp(34): warning C4267: “参数”: 从“size_t”转换到“DWORD”，可能丢失数据
         正在生成代码...
       Link:
         D:\Program Files (x86)\Microsoft Visual Studio 12.0\VC\bin\x86_amd64\link.exe /ERRORREPORT:PROMPT /OUT:"E:\MyProjects\HoldingHands3.0\Client\x64\Debug\shell.exe" /INCREMENTAL /NOLOGO kernel32.lib user32.lib gdi32.lib winspool.lib comdlg32.lib advapi32.lib shell32.lib ole32.lib oleaut32.lib uuid.lib odbc32.lib odbccp32.lib /MANIFEST /MANIFESTUAC:"level='asInvoker' uiAccess='false'" /manifest:embed /DEBUG /PDB:"E:\MyProjects\HoldingHands3.0\Client\x64\Debug\shell.pdb" /SUBSYSTEM:CONSOLE,"5.02" /TLBID:1 /DYNAMICBASE /NXCOMPAT /IMPLIB:"E:\MyProjects\HoldingHands3.0\Client\x64\Debug\shell.lib" /MACHINE:X64 x64\Debug\dbg.obj
         x64\Debug\IOCP.obj
         x64\Debug\TCPSocket.obj
         x64\Debug\utils.obj
         x64\Debug\Client.obj
         x64\Debug\EventHandler.obj
         x64\Debug\Cmd.obj
         x64\Debug\main.obj
         Cmd.vcxproj -> E:\MyProjects\HoldingHands3.0\Client\x64\Debug\shell.exe
     1>已完成生成项目“E:\MyProjects\HoldingHands3.0\Client\Cmd\Cmd.vcxproj”(Build 个目标)的操作。

生成成功。

已用时间 00:00:04.17
