e:\myprojects\holdinghands3.0\client\kernel\debug\vc120.pdb
e:\myprojects\holdinghands3.0\client\kernel\debug\vc120.idb
e:\myprojects\holdinghands3.0\client\kernel\debug\dbg.obj
e:\myprojects\holdinghands3.0\client\kernel\debug\eventhandler.obj
e:\myprojects\holdinghands3.0\client\kernel\debug\iocp.obj
e:\myprojects\holdinghands3.0\client\kernel\debug\kernel_common.obj
e:\myprojects\holdinghands3.0\client\kernel\debug\tcpsocket.obj
e:\myprojects\holdinghands3.0\client\kernel\debug\utils.obj
e:\myprojects\holdinghands3.0\client\kernel\debug\client.obj
e:\myprojects\holdinghands3.0\client\kernel\debug\app.obj
e:\myprojects\holdinghands3.0\client\kernel\debug\kernel.obj
e:\myprojects\holdinghands3.0\client\kernel\debug\module.obj
e:\myprojects\holdinghands3.0\client\kernel\debug\main.obj
e:\myprojects\holdinghands3.0\client\debug\kernel.lib
e:\myprojects\holdinghands3.0\client\debug\kernel.exp
e:\myprojects\holdinghands3.0\client\debug\kernel.ilk
e:\myprojects\holdinghands3.0\client\debug\kernel.exe
e:\myprojects\holdinghands3.0\client\debug\kernel.pdb
e:\myprojects\holdinghands3.0\client\kernel\debug\kernel.tlog\cl.command.1.tlog
e:\myprojects\holdinghands3.0\client\kernel\debug\kernel.tlog\cl.read.1.tlog
e:\myprojects\holdinghands3.0\client\kernel\debug\kernel.tlog\cl.write.1.tlog
e:\myprojects\holdinghands3.0\client\kernel\debug\kernel.tlog\kernel.write.1u.tlog
e:\myprojects\holdinghands3.0\client\kernel\debug\kernel.tlog\link.command.1.tlog
e:\myprojects\holdinghands3.0\client\kernel\debug\kernel.tlog\link.read.1.tlog
e:\myprojects\holdinghands3.0\client\kernel\debug\kernel.tlog\link.write.1.tlog
