生成启动时间为 2024/2/24 15:25:09。
     1>项目“E:\MyProjects\HoldingHands3.0\Server\HoldingHands\HoldingHands.vcxproj”在节点 2 上(Build 个目标)。
     1>Link:
         D:\Program Files (x86)\Microsoft Visual Studio 12.0\VC\bin\link.exe /ERRORREPORT:PROMPT /OUT:"E:\MyProjects\HoldingHands3.0\Server\Debug\HoldingHands.exe" /INCREMENTAL /NOLOGO /NODEFAULTLIB:libcmt.lib /MANIFEST /MANIFESTUAC:"level='asInvoker' uiAccess='false'" /manifest:embed /manifestinput:"D:\Program Files (x86)\Microsoft Visual Studio 12.0\VC\Include\Manifest\dpiaware.manifest" /DEBUG /PDB:"E:\MyProjects\HoldingHands3.0\Server\Debug\HoldingHands.pdb" /SUBSYSTEM:WINDOWS,"5.01" /TLBID:1 /ENTRY:"wWinMainCRTStartup" /DYNAMICBASE:NO /NXCOMPAT /IMPLIB:"E:\MyProjects\HoldingHands3.0\Server\Debug\HoldingHands.lib" /MACHINE:X86 Debug\HoldingHands.res
         Debug\dbg.obj
         Debug\EventHandler.obj
         Debug\IOCP.obj
         Debug\kernel_common.obj
         Debug\TCPSocket.obj
         Debug\UDPSocket.obj
         Debug\utils.obj
         Debug\AudioDlg.obj
         Debug\AudioGrab.obj
         Debug\AudioPlay.obj
         Debug\AudioSrv.obj
         Debug\BuildDlg.obj
         Debug\CameraSrv.obj
         Debug\CameraWnd.obj
         Debug\ChatDlg.obj
         Debug\ChatInputName.obj
         Debug\ChatSrv.obj
         Debug\Client.obj
         Debug\ClientDoc.obj
         Debug\ClientGroup.obj
         Debug\ClientView.obj
         Debug\CmdEdit.obj
         Debug\CmdSrv.obj
         Debug\CmdWnd.obj
         Debug\Config.obj
         Debug\GetStrDlg.obj
         Debug\FileManagerDlg.obj
         Debug\FileManagerSrv.obj
         Debug\FileMgrSearchDlg.obj
         Debug\FileMgrSearchSrv.obj
         Debug\FileSelectDlg.obj
         Debug\HoldingHands.obj
         Debug\KernelSrv.obj
         Debug\KeybdLogDlg.obj
         Debug\KeybdLogSrv.obj
         Debug\LogCtrl.obj
         Debug\MainFrm.obj
         Debug\FileDownloadDlg.obj
         Debug\FileDownloadSrv.obj
         Debug\FileTransDlg.obj
         Debug\FileTransSrv.obj
         Debug\OutputWnd.obj
         Debug\ProcessManagerSrv.obj
         Debug\ProcessManagerWnd.obj
         Debug\RemoteDesktopSrv.obj
         Debug\RemoteDesktopWnd.obj
         Debug\RingBuffer.obj
         Debug\Server.obj
         Debug\SettingDlg.obj
         Debug\SocksProxyAddrDlg.obj
         Debug\SocksProxyTcp.obj
         Debug\SocksProxyListener.obj
         Debug\SocksProxySrv.obj
         Debug\SocksProxyUDPListener.obj
         Debug\SocksProxyWnd.obj
         Debug\stdafx.obj
         Debug\UrlInputDlg.obj
     1>jsond.lib(json_reader.obj) : warning LNK4099: 未找到 PDB“vc120.pdb”(使用“jsond.lib(json_reader.obj)”或在“E:\MyProjects\HoldingHands3.0\Server\Debug\vc120.pdb”中寻找)；正在链接对象，如同没有调试信息一样
     1>jsond.lib(json_value.obj) : warning LNK4099: 未找到 PDB“vc120.pdb”(使用“jsond.lib(json_value.obj)”或在“E:\MyProjects\HoldingHands3.0\Server\Debug\vc120.pdb”中寻找)；正在链接对象，如同没有调试信息一样
     1>jsond.lib(json_writer.obj) : warning LNK4099: 未找到 PDB“vc120.pdb”(使用“jsond.lib(json_writer.obj)”或在“E:\MyProjects\HoldingHands3.0\Server\Debug\vc120.pdb”中寻找)；正在链接对象，如同没有调试信息一样
         HoldingHands.vcxproj -> E:\MyProjects\HoldingHands3.0\Server\Debug\HoldingHands.exe
     1>已完成生成项目“E:\MyProjects\HoldingHands3.0\Server\HoldingHands\HoldingHands.vcxproj”(Build 个目标)的操作。

生成成功。

已用时间 00:00:01.86
