e:\myprojects\holdinghands3.0\server\holdinghands\debug\holdinghands.pch
e:\myprojects\holdinghands3.0\server\holdinghands\debug\vc120.pdb
e:\myprojects\holdinghands3.0\server\holdinghands\debug\vc120.idb
e:\myprojects\holdinghands3.0\server\holdinghands\debug\stdafx.obj
e:\myprojects\holdinghands3.0\server\holdinghands\debug\keybdlogsrv.obj
e:\myprojects\holdinghands3.0\server\holdinghands\debug\mainfrm.obj
e:\myprojects\holdinghands3.0\server\holdinghands\debug\filedownloaddlg.obj
e:\myprojects\holdinghands3.0\server\holdinghands\debug\filedownloadsrv.obj
e:\myprojects\holdinghands3.0\server\holdinghands\debug\filetransdlg.obj
e:\myprojects\holdinghands3.0\server\holdinghands\debug\filetranssrv.obj
e:\myprojects\holdinghands3.0\server\holdinghands\debug\processmanagersrv.obj
e:\myprojects\holdinghands3.0\server\holdinghands\debug\processmanagerwnd.obj
e:\myprojects\holdinghands3.0\server\holdinghands\debug\remotedesktopsrv.obj
e:\myprojects\holdinghands3.0\server\holdinghands\debug\remotedesktopwnd.obj
e:\myprojects\holdinghands3.0\server\holdinghands\debug\ringbuffer.obj
e:\myprojects\holdinghands3.0\server\holdinghands\debug\server.obj
e:\myprojects\holdinghands3.0\server\holdinghands\debug\settingdlg.obj
e:\myprojects\holdinghands3.0\server\holdinghands\debug\socksproxyaddrdlg.obj
e:\myprojects\holdinghands3.0\server\holdinghands\debug\socksproxytcp.obj
e:\myprojects\holdinghands3.0\server\holdinghands\debug\socksproxylistener.obj
e:\myprojects\holdinghands3.0\server\holdinghands\debug\socksproxysrv.obj
e:\myprojects\holdinghands3.0\server\holdinghands\debug\socksproxyudplistener.obj
e:\myprojects\holdinghands3.0\server\holdinghands\debug\socksproxywnd.obj
e:\myprojects\holdinghands3.0\server\holdinghands\debug\urlinputdlg.obj
e:\myprojects\holdinghands3.0\server\holdinghands\debug\camerasrv.obj
e:\myprojects\holdinghands3.0\server\holdinghands\debug\camerawnd.obj
e:\myprojects\holdinghands3.0\server\holdinghands\debug\chatdlg.obj
e:\myprojects\holdinghands3.0\server\holdinghands\debug\chatinputname.obj
e:\myprojects\holdinghands3.0\server\holdinghands\debug\chatsrv.obj
e:\myprojects\holdinghands3.0\server\holdinghands\debug\client.obj
e:\myprojects\holdinghands3.0\server\holdinghands\debug\clientlist.obj
e:\myprojects\holdinghands3.0\server\holdinghands\debug\cmdedit.obj
e:\myprojects\holdinghands3.0\server\holdinghands\debug\cmdsrv.obj
e:\myprojects\holdinghands3.0\server\holdinghands\debug\cmdwnd.obj
e:\myprojects\holdinghands3.0\server\holdinghands\debug\config.obj
e:\myprojects\holdinghands3.0\server\holdinghands\debug\editcommentdlg.obj
e:\myprojects\holdinghands3.0\server\holdinghands\debug\filemanagerdlg.obj
e:\myprojects\holdinghands3.0\server\holdinghands\debug\filemanagersrv.obj
e:\myprojects\holdinghands3.0\server\holdinghands\debug\filemgrsearchdlg.obj
e:\myprojects\holdinghands3.0\server\holdinghands\debug\filemgrsearchsrv.obj
e:\myprojects\holdinghands3.0\server\holdinghands\debug\fileselectdlg.obj
e:\myprojects\holdinghands3.0\server\holdinghands\debug\holdinghands.obj
e:\myprojects\holdinghands3.0\server\holdinghands\debug\kernelsrv.obj
e:\myprojects\holdinghands3.0\server\holdinghands\debug\keybdlogdlg.obj
e:\myprojects\holdinghands3.0\server\holdinghands\debug\dbg.obj
e:\myprojects\holdinghands3.0\server\holdinghands\debug\eventhandler.obj
e:\myprojects\holdinghands3.0\server\holdinghands\debug\iocp.obj
e:\myprojects\holdinghands3.0\server\holdinghands\debug\tcpsocket.obj
e:\myprojects\holdinghands3.0\server\holdinghands\debug\udpsocket.obj
e:\myprojects\holdinghands3.0\server\holdinghands\debug\utils.obj
e:\myprojects\holdinghands3.0\server\holdinghands\debug\audiodlg.obj
e:\myprojects\holdinghands3.0\server\holdinghands\debug\audiograb.obj
e:\myprojects\holdinghands3.0\server\holdinghands\debug\audioplay.obj
e:\myprojects\holdinghands3.0\server\holdinghands\debug\audiosrv.obj
e:\myprojects\holdinghands3.0\server\holdinghands\debug\builddlg.obj
e:\myprojects\holdinghands3.0\server\holdinghands\debug\kernel_common.obj
e:\myprojects\holdinghands3.0\server\holdinghands\debug\clientdoc.obj
e:\myprojects\holdinghands3.0\server\holdinghands\debug\clientview.obj
e:\myprojects\holdinghands3.0\server\holdinghands\debug\clientgroup.obj
e:\myprojects\holdinghands3.0\server\holdinghands\debug\newgroupdlg.obj
e:\myprojects\holdinghands3.0\server\holdinghands\debug\getstrdlg.obj
e:\myprojects\holdinghands3.0\server\holdinghands\debug\outputwnd.obj
e:\myprojects\holdinghands3.0\server\holdinghands\debug\logctrl.obj
e:\myprojects\holdinghands3.0\server\debug\holdinghands.ilk
e:\myprojects\holdinghands3.0\server\debug\holdinghands.exe
e:\myprojects\holdinghands3.0\server\debug\holdinghands.pdb
e:\myprojects\holdinghands3.0\server\holdinghands\debug\holdinghands.res
e:\myprojects\holdinghands3.0\server\holdinghands\debug\holdinghands.tlog\cl.command.1.tlog
e:\myprojects\holdinghands3.0\server\holdinghands\debug\holdinghands.tlog\cl.read.1.tlog
e:\myprojects\holdinghands3.0\server\holdinghands\debug\holdinghands.tlog\cl.write.1.tlog
e:\myprojects\holdinghands3.0\server\holdinghands\debug\holdinghands.tlog\link.command.1.tlog
e:\myprojects\holdinghands3.0\server\holdinghands\debug\holdinghands.tlog\link.read.1.tlog
e:\myprojects\holdinghands3.0\server\holdinghands\debug\holdinghands.tlog\link.write.1.tlog
e:\myprojects\holdinghands3.0\server\holdinghands\debug\holdinghands.tlog\rc.command.1.tlog
e:\myprojects\holdinghands3.0\server\holdinghands\debug\holdinghands.tlog\rc.read.1.tlog
e:\myprojects\holdinghands3.0\server\holdinghands\debug\holdinghands.tlog\rc.write.1.tlog
