生成启动时间为 2024/2/24 17:11:12。
     1>项目“E:\MyProjects\HoldingHands3.0\Client\KeyLogger\KeyLogger.vcxproj”在节点 2 上(Build 个目标)。
     1>ClCompile:
         D:\Program Files (x86)\Microsoft Visual Studio 12.0\VC\bin\CL.exe /c /ZI /nologo /W3 /WX- /Od /Oy- /D WIN32 /D _DEBUG /D _CONSOLE /D _LIB /D _UNICODE /D UNICODE /Gm /EHsc /RTC1 /MTd /GS /fp:precise /Zc:wchar_t /Zc:forScope /Fo"Debug\\" /Fd"Debug\vc120.pdb" /Gd /TP /analyze- /errorReport:prompt KeybdLogger.cpp
         KeybdLogger.cpp
     1>e:\myprojects\holdinghands3.0\client\keylogger\keybdlogger.cpp(257): warning C4800: “BOOL”: 将值强制为布尔值“true”或“false”(性能警告)
     1>e:\myprojects\holdinghands3.0\client\keylogger\keybdlogger.cpp(362): warning C4800: “BOOL”: 将值强制为布尔值“true”或“false”(性能警告)
     1>e:\myprojects\holdinghands3.0\client\keylogger\keybdlogger.cpp(391): warning C4800: “BOOL”: 将值强制为布尔值“true”或“false”(性能警告)
     1>e:\myprojects\holdinghands3.0\client\keylogger\keybdlogger.cpp(419): warning C4800: “BYTE”: 将值强制为布尔值“true”或“false”(性能警告)
       Link:
         D:\Program Files (x86)\Microsoft Visual Studio 12.0\VC\bin\link.exe /ERRORREPORT:PROMPT /OUT:"E:\MyProjects\HoldingHands3.0\Client\Debug\KeyLogger.exe" /INCREMENTAL /NOLOGO kernel32.lib user32.lib gdi32.lib winspool.lib comdlg32.lib advapi32.lib shell32.lib ole32.lib oleaut32.lib uuid.lib odbc32.lib odbccp32.lib /NODEFAULTLIB:libcmt.lib /NODEFAULTLIB:msvcprtd.lib /MANIFEST /MANIFESTUAC:"level='asInvoker' uiAccess='false'" /manifest:embed /DEBUG /PDB:"E:\MyProjects\HoldingHands3.0\Client\Debug\KeyLogger.pdb" /SUBSYSTEM:CONSOLE /TLBID:1 /DYNAMICBASE /NXCOMPAT /IMPLIB:"E:\MyProjects\HoldingHands3.0\Client\Debug\KeyLogger.lib" /MACHINE:X86 Debug\dbg.obj
         Debug\IOCP.obj
         Debug\TCPSocket.obj
         Debug\utils.obj
         Debug\Client.obj
         Debug\EventHandler.obj
         Debug\unzip.obj
         Debug\zip.obj
         Debug\KeybdLogger.obj
         Debug\main.obj
         KeyLogger.vcxproj -> E:\MyProjects\HoldingHands3.0\Client\Debug\KeyLogger.exe
     1>已完成生成项目“E:\MyProjects\HoldingHands3.0\Client\KeyLogger\KeyLogger.vcxproj”(Build 个目标)的操作。

生成成功。

已用时间 00:00:00.62
