生成启动时间为 2024/2/24 15:27:11。
     1>项目“E:\MyProjects\HoldingHands3.0\Server\HoldingHands\HoldingHands.vcxproj”在节点 2 上(Build 个目标)。
     1>Link:
         D:\Program Files (x86)\Microsoft Visual Studio 12.0\VC\bin\x86_amd64\link.exe /ERRORREPORT:PROMPT /OUT:"E:\MyProjects\HoldingHands3.0\Server\x64\Debug\HoldingHands.exe" /INCREMENTAL /NOLOGO /NODEFAULTLIB:libcmt.lib /MANIFEST /MANIFESTUAC:"level='asInvoker' uiAccess='false'" /manifest:embed /manifestinput:"D:\Program Files (x86)\Microsoft Visual Studio 12.0\VC\Include\Manifest\dpiaware.manifest" /DEBUG /PDB:"E:\MyProjects\HoldingHands3.0\Server\x64\Debug\HoldingHands.pdb" /SUBSYSTEM:WINDOWS,"5.02" /TLBID:1 /ENTRY:"wWinMainCRTStartup" /DYNAMICBASE:NO /NXCOMPAT /IMPLIB:"E:\MyProjects\HoldingHands3.0\Server\x64\Debug\HoldingHands.lib" /MACHINE:X64 x64\Debug\HoldingHands.res
         x64\Debug\dbg.obj
         x64\Debug\EventHandler.obj
         x64\Debug\IOCP.obj
         x64\Debug\kernel_common.obj
         x64\Debug\TCPSocket.obj
         x64\Debug\UDPSocket.obj
         x64\Debug\utils.obj
         x64\Debug\AudioDlg.obj
         x64\Debug\AudioGrab.obj
         x64\Debug\AudioPlay.obj
         x64\Debug\AudioSrv.obj
         x64\Debug\BuildDlg.obj
         x64\Debug\CameraSrv.obj
         x64\Debug\CameraWnd.obj
         x64\Debug\ChatDlg.obj
         x64\Debug\ChatInputName.obj
         x64\Debug\ChatSrv.obj
         x64\Debug\Client.obj
         x64\Debug\ClientDoc.obj
         x64\Debug\ClientGroup.obj
         x64\Debug\ClientView.obj
         x64\Debug\CmdEdit.obj
         x64\Debug\CmdSrv.obj
         x64\Debug\CmdWnd.obj
         x64\Debug\Config.obj
         x64\Debug\GetStrDlg.obj
         x64\Debug\FileManagerDlg.obj
         x64\Debug\FileManagerSrv.obj
         x64\Debug\FileMgrSearchDlg.obj
         x64\Debug\FileMgrSearchSrv.obj
         x64\Debug\FileSelectDlg.obj
         x64\Debug\HoldingHands.obj
         x64\Debug\KernelSrv.obj
         x64\Debug\KeybdLogDlg.obj
         x64\Debug\KeybdLogSrv.obj
         x64\Debug\LogCtrl.obj
         x64\Debug\MainFrm.obj
         x64\Debug\FileDownloadDlg.obj
         x64\Debug\FileDownloadSrv.obj
         x64\Debug\FileTransDlg.obj
         x64\Debug\FileTransSrv.obj
         x64\Debug\OutputWnd.obj
         x64\Debug\ProcessManagerSrv.obj
         x64\Debug\ProcessManagerWnd.obj
         x64\Debug\RemoteDesktopSrv.obj
         x64\Debug\RemoteDesktopWnd.obj
         x64\Debug\RingBuffer.obj
         x64\Debug\Server.obj
         x64\Debug\SettingDlg.obj
         x64\Debug\SocksProxyAddrDlg.obj
         x64\Debug\SocksProxyTcp.obj
         x64\Debug\SocksProxyListener.obj
         x64\Debug\SocksProxySrv.obj
         x64\Debug\SocksProxyUDPListener.obj
         x64\Debug\SocksProxyWnd.obj
         x64\Debug\stdafx.obj
         x64\Debug\UrlInputDlg.obj
         HoldingHands.vcxproj -> E:\MyProjects\HoldingHands3.0\Server\x64\Debug\HoldingHands.exe
     1>已完成生成项目“E:\MyProjects\HoldingHands3.0\Server\HoldingHands\HoldingHands.vcxproj”(Build 个目标)的操作。

生成成功。

已用时间 00:00:01.90
