生成启动时间为 2024/2/24 18:17:20。
     1>项目“E:\MyProjects\HoldingHands3.0\Client\RemoteDesktop\RemoteDesktop.vcxproj”在节点 2 上(Build 个目标)。
     1>ClCompile:
         D:\Program Files (x86)\Microsoft Visual Studio 12.0\VC\bin\CL.exe /c /ZI /nologo /W3 /WX- /Od /Oy- /D WIN32 /D _DEBUG /D _WINDOWS /D _UNICODE /D UNICODE /Gm /EHsc /RTC1 /MTd /GS /fp:precise /Zc:wchar_t /Zc:forScope /Fo"Debug\\" /Fd"Debug\vc120.pdb" /Gd /TP /analyze- /errorReport:prompt ..\Common\X264Encoder.cpp
         X264Encoder.cpp
       Link:
         D:\Program Files (x86)\Microsoft Visual Studio 12.0\VC\bin\link.exe /ERRORREPORT:PROMPT /OUT:"E:\MyProjects\HoldingHands3.0\Client\Debug\RemoteDesktop.exe" /INCREMENTAL /NOLOGO kernel32.lib user32.lib gdi32.lib winspool.lib comdlg32.lib advapi32.lib shell32.lib ole32.lib oleaut32.lib uuid.lib odbc32.lib odbccp32.lib /NODEFAULTLIB:libcmt.lib /MANIFEST /MANIFESTUAC:"level='asInvoker' uiAccess='false'" /manifest:embed /DEBUG /PDB:"E:\MyProjects\HoldingHands3.0\Client\Debug\RemoteDesktop.pdb" /SUBSYSTEM:CONSOLE /TLBID:1 /DYNAMICBASE /NXCOMPAT /IMPLIB:"E:\MyProjects\HoldingHands3.0\Client\Debug\RemoteDesktop.lib" /MACHINE:X86 Debug\dbg.obj
         Debug\IOCP.obj
         Debug\TCPSocket.obj
         Debug\utils.obj
         Debug\Client.obj
         Debug\EventHandler.obj
         Debug\X264Encoder.obj
         Debug\DxgiCapture.obj
         Debug\main.obj
         Debug\RemoteDesktop.obj
            正在创建库 E:\MyProjects\HoldingHands3.0\Client\Debug\RemoteDesktop.lib 和对象 E:\MyProjects\HoldingHands3.0\Client\Debug\RemoteDesktop.exp
         RemoteDesktop.vcxproj -> E:\MyProjects\HoldingHands3.0\Client\Debug\RemoteDesktop.exe
     1>已完成生成项目“E:\MyProjects\HoldingHands3.0\Client\RemoteDesktop\RemoteDesktop.vcxproj”(Build 个目标)的操作。

生成成功。

已用时间 00:00:00.54
