生成启动时间为 2024/2/24 18:41:47。
     1>项目“E:\MyProjects\HoldingHands3.0\Client\ProcessManager\ProcessManager.vcxproj”在节点 2 上(Build 个目标)。
     1>ClCompile:
         D:\Program Files (x86)\Microsoft Visual Studio 12.0\VC\bin\CL.exe /c /ZI /nologo /W3 /WX- /Od /Oy- /D WIN32 /D _DEBUG /D _CONSOLE /D _LIB /D _UNICODE /D UNICODE /Gm /EHsc /RTC1 /MTd /GS- /fp:precise /Zc:wchar_t /Zc:forScope /Fo"Debug\\" /Fd"Debug\vc120.pdb" /Gd /TP /analyze- /errorReport:prompt ProcessManager.cpp main.cpp
         ProcessManager.cpp
     1>e:\myprojects\holdinghands3.0\client\processmanager\processmanager.cpp(200): warning C4018: “<”: 有符号/无符号不匹配
     1>e:\myprojects\holdinghands3.0\client\processmanager\processmanager.cpp(399): warning C4244: “=”: 从“double”转换到“float”，可能丢失数据
     1>e:\myprojects\holdinghands3.0\client\processmanager\processmanager.cpp(507): warning C4244: “=”: 从“double”转换到“DWORD”，可能丢失数据
     1>e:\myprojects\holdinghands3.0\client\processmanager\processmanager.cpp(518): warning C4244: “=”: 从“double”转换到“DWORD”，可能丢失数据
     1>e:\myprojects\holdinghands3.0\client\processmanager\processmanager.cpp(537): warning C4244: “+=”: 从“double”转换到“float”，可能丢失数据
     1>e:\myprojects\holdinghands3.0\client\processmanager\processmanager.cpp(568): warning C4244: “=”: 从“float”转换到“DWORD”，可能丢失数据
     1>e:\myprojects\holdinghands3.0\client\processmanager\processmanager.cpp(669): warning C4018: “<”: 有符号/无符号不匹配
         正在生成代码...
         正在编译...
         main.cpp
     1>e:\myprojects\holdinghands3.0\common\iocpsocket.h(179): warning C4996: 'inet_addr': Use inet_pton() or InetPton() instead or define _WINSOCK_DEPRECATED_NO_WARNINGS to disable deprecated API warnings
                 c:\program files (x86)\windows kits\8.1\include\um\winsock2.h(1850) : 参见“inet_addr”的声明
         正在生成代码...
       Link:
         D:\Program Files (x86)\Microsoft Visual Studio 12.0\VC\bin\link.exe /ERRORREPORT:PROMPT /OUT:"E:\MyProjects\HoldingHands3.0\Client\Debug\ProcessManager.exe" /INCREMENTAL /NOLOGO kernel32.lib user32.lib gdi32.lib winspool.lib comdlg32.lib advapi32.lib shell32.lib ole32.lib oleaut32.lib uuid.lib odbc32.lib odbccp32.lib /MANIFEST /MANIFESTUAC:"level='asInvoker' uiAccess='false'" /manifest:embed /DEBUG /PDB:"E:\MyProjects\HoldingHands3.0\Client\Debug\ProcessManager.pdb" /SUBSYSTEM:CONSOLE /TLBID:1 /DYNAMICBASE /NXCOMPAT /IMPLIB:"E:\MyProjects\HoldingHands3.0\Client\Debug\ProcessManager.lib" /MACHINE:X86 Debug\dbg.obj
         Debug\IOCP.obj
         Debug\TCPSocket.obj
         Debug\utils.obj
         Debug\Client.obj
         Debug\EventHandler.obj
         Debug\main.obj
         Debug\ProcessManager.obj
         ProcessManager.vcxproj -> E:\MyProjects\HoldingHands3.0\Client\Debug\ProcessManager.exe
     1>已完成生成项目“E:\MyProjects\HoldingHands3.0\Client\ProcessManager\ProcessManager.vcxproj”(Build 个目标)的操作。

生成成功。

已用时间 00:00:01.12
