生成启动时间为 2024/2/24 17:10:27。
     1>项目“E:\MyProjects\HoldingHands3.0\Client\RemoteDesktop_gdi\RemoteDesktop_gdi.vcxproj”在节点 10 上(Build 个目标)。
     1>C:\Program Files (x86)\MSBuild\Microsoft.Cpp\v4.0\V120\Microsoft.CppBuild.targets(388,5): warning MSB8028: The intermediate directory (Debug\) contains files shared from another project (RemoteDesktop.vcxproj).  This can lead to incorrect clean and rebuild behavior.
     1>ClCompile:
         D:\Program Files (x86)\Microsoft Visual Studio 12.0\VC\bin\CL.exe /c /ZI /nologo /W3 /WX- /Od /Oy- /D WIN32 /D _DEBUG /D _WINDOWS /D _UNICODE /D UNICODE /Gm /EHsc /RTC1 /MTd /GS /fp:precise /Zc:wchar_t /Zc:forScope /Fo"Debug\\" /Fd"Debug\vc120.pdb" /Gd /TP /analyze- /errorReport:prompt ..\Common\EventHandler.cpp
         EventHandler.cpp
     1>e:\myprojects\holdinghands3.0\common\iocpsocket.h(179): warning C4996: 'inet_addr': Use inet_pton() or InetPton() instead or define _WINSOCK_DEPRECATED_NO_WARNINGS to disable deprecated API warnings
                 c:\program files (x86)\windows kits\8.1\include\um\winsock2.h(1850) : 参见“inet_addr”的声明
     1>e:\myprojects\holdinghands3.0\client\common\eventhandler.cpp(27): warning C4996: 'inet_ntoa': Use inet_ntop() or InetNtop() instead or define _WINSOCK_DEPRECATED_NO_WARNINGS to disable deprecated API warnings
                 c:\program files (x86)\windows kits\8.1\include\um\winsock2.h(1868) : 参见“inet_ntoa”的声明
       Link:
         D:\Program Files (x86)\Microsoft Visual Studio 12.0\VC\bin\link.exe /ERRORREPORT:PROMPT /OUT:"E:\MyProjects\HoldingHands3.0\Client\Debug\RemoteDesktop_gdi.exe" /INCREMENTAL /NOLOGO kernel32.lib user32.lib gdi32.lib winspool.lib comdlg32.lib advapi32.lib shell32.lib ole32.lib oleaut32.lib uuid.lib odbc32.lib odbccp32.lib /NODEFAULTLIB:libcmt.lib /MANIFEST /MANIFESTUAC:"level='asInvoker' uiAccess='false'" /manifest:embed /DEBUG /PDB:"E:\MyProjects\HoldingHands3.0\Client\Debug\RemoteDesktop_gdi.pdb" /SUBSYSTEM:CONSOLE /TLBID:1 /DYNAMICBASE /NXCOMPAT /IMPLIB:"E:\MyProjects\HoldingHands3.0\Client\Debug\RemoteDesktop_gdi.lib" /MACHINE:X86 Debug\dbg.obj
         Debug\IOCP.obj
         Debug\TCPSocket.obj
         Debug\utils.obj
         Debug\Client.obj
         Debug\EventHandler.obj
         Debug\X264Encoder.obj
         Debug\GdiCapture.obj
         Debug\main.obj
         Debug\RemoteDesktop.obj
            正在创建库 E:\MyProjects\HoldingHands3.0\Client\Debug\RemoteDesktop_gdi.lib 和对象 E:\MyProjects\HoldingHands3.0\Client\Debug\RemoteDesktop_gdi.exp
         RemoteDesktop_gdi.vcxproj -> E:\MyProjects\HoldingHands3.0\Client\Debug\RemoteDesktop_gdi.exe
     1>已完成生成项目“E:\MyProjects\HoldingHands3.0\Client\RemoteDesktop_gdi\RemoteDesktop_gdi.vcxproj”(Build 个目标)的操作。

生成成功。

已用时间 00:00:01.47
