e:\myprojects\holdinghands3.0\client\remotedesktop\debug\vc120.pdb
e:\myprojects\holdinghands3.0\client\remotedesktop\debug\vc120.idb
e:\myprojects\holdinghands3.0\client\remotedesktop\debug\dbg.obj
e:\myprojects\holdinghands3.0\client\remotedesktop\debug\eventhandler.obj
e:\myprojects\holdinghands3.0\client\remotedesktop\debug\iocp.obj
e:\myprojects\holdinghands3.0\client\remotedesktop\debug\tcpsocket.obj
e:\myprojects\holdinghands3.0\client\remotedesktop\debug\utils.obj
e:\myprojects\holdinghands3.0\client\remotedesktop\debug\client.obj
e:\myprojects\holdinghands3.0\client\remotedesktop\debug\desktopgrab.obj
e:\myprojects\holdinghands3.0\client\remotedesktop\debug\main.obj
e:\myprojects\holdinghands3.0\client\remotedesktop\debug\remotedesktop.obj
e:\myprojects\holdinghands3.0\client\debug\remotedesktop.ilk
e:\myprojects\holdinghands3.0\client\debug\remotedesktop.exe
e:\myprojects\holdinghands3.0\client\debug\remotedesktop.pdb
e:\myprojects\holdinghands3.0\client\debug\remotedesktop.lib
e:\myprojects\holdinghands3.0\client\debug\remotedesktop.exp
e:\myprojects\holdinghands3.0\client\remotedesktop\debug\remotedesktop.tlog\cl.command.1.tlog
e:\myprojects\holdinghands3.0\client\remotedesktop\debug\remotedesktop.tlog\cl.read.1.tlog
e:\myprojects\holdinghands3.0\client\remotedesktop\debug\remotedesktop.tlog\cl.write.1.tlog
e:\myprojects\holdinghands3.0\client\remotedesktop\debug\remotedesktop.tlog\link.command.1.tlog
e:\myprojects\holdinghands3.0\client\remotedesktop\debug\remotedesktop.tlog\link.read.1.tlog
e:\myprojects\holdinghands3.0\client\remotedesktop\debug\remotedesktop.tlog\link.write.1.tlog
e:\myprojects\holdinghands3.0\client\remotedesktop\debug\remotedesktop.tlog\remotedesktop.write.1u.tlog
