e:\myprojects\holdinghands3.0\client\remotedesktop_gdi\debug\vc120.pdb
e:\myprojects\holdinghands3.0\client\remotedesktop_gdi\debug\vc120.idb
e:\myprojects\holdinghands3.0\client\remotedesktop_gdi\debug\dbg.obj
e:\myprojects\holdinghands3.0\client\remotedesktop_gdi\debug\eventhandler.obj
e:\myprojects\holdinghands3.0\client\remotedesktop_gdi\debug\iocp.obj
e:\myprojects\holdinghands3.0\client\remotedesktop_gdi\debug\tcpsocket.obj
e:\myprojects\holdinghands3.0\client\remotedesktop_gdi\debug\utils.obj
e:\myprojects\holdinghands3.0\client\remotedesktop_gdi\debug\client.obj
e:\myprojects\holdinghands3.0\client\remotedesktop_gdi\debug\x264encoder.obj
e:\myprojects\holdinghands3.0\client\remotedesktop_gdi\debug\gdicapture.obj
e:\myprojects\holdinghands3.0\client\remotedesktop_gdi\debug\main.obj
e:\myprojects\holdinghands3.0\client\remotedesktop_gdi\debug\remotedesktop.obj
e:\myprojects\holdinghands3.0\client\debug\remotedesktop_gdi.ilk
e:\myprojects\holdinghands3.0\client\debug\remotedesktop_gdi.exe
e:\myprojects\holdinghands3.0\client\debug\remotedesktop_gdi.pdb
e:\myprojects\holdinghands3.0\client\debug\remotedesktop_gdi.lib
e:\myprojects\holdinghands3.0\client\debug\remotedesktop_gdi.exp
e:\myprojects\holdinghands3.0\client\remotedesktop_gdi\debug\remotede.9fe80871.tlog\cl.command.1.tlog
e:\myprojects\holdinghands3.0\client\remotedesktop_gdi\debug\remotede.9fe80871.tlog\cl.read.1.tlog
e:\myprojects\holdinghands3.0\client\remotedesktop_gdi\debug\remotede.9fe80871.tlog\cl.write.1.tlog
e:\myprojects\holdinghands3.0\client\remotedesktop_gdi\debug\remotede.9fe80871.tlog\link.command.1.tlog
e:\myprojects\holdinghands3.0\client\remotedesktop_gdi\debug\remotede.9fe80871.tlog\link.read.1.tlog
e:\myprojects\holdinghands3.0\client\remotedesktop_gdi\debug\remotede.9fe80871.tlog\link.write.1.tlog
e:\myprojects\holdinghands3.0\client\remotedesktop_gdi\debug\remotede.9fe80871.tlog\remotedesktop_gdi.write.1u.tlog
